SF:lib\math_engine.dart
DA:10,1
DA:15,2
DA:16,2
DA:17,2
DA:20,2
DA:21,2
DA:25,2
DA:28,12
DA:30,4
DA:31,4
DA:35,6
DA:36,0
DA:40,2
DA:44,2
DA:46,2
DA:48,4
DA:53,2
DA:57,2
DA:62,2
DA:64,2
DA:65,2
DA:66,2
DA:73,2
DA:75,2
DA:77,2
DA:78,2
DA:81,2
DA:83,2
DA:84,2
DA:87,5
DA:88,1
DA:90,0
DA:96,2
DA:97,2
DA:98,1
DA:99,1
DA:101,0
DA:108,2
DA:109,2
DA:115,2
DA:116,2
DA:117,2
DA:124,2
DA:125,2
DA:128,2
DA:130,4
DA:133,2
DA:134,0
DA:139,4
DA:140,0
DA:145,2
DA:147,2
DA:148,4
DA:150,4
DA:151,4
DA:154,2
DA:155,2
DA:157,6
DA:158,6
DA:159,6
DA:162,4
DA:163,4
DA:164,0
DA:167,8
DA:171,2
DA:173,0
DA:176,4
DA:178,1
DA:180,3
DA:181,4
DA:182,4
DA:187,1
DA:188,3
DA:191,1
DA:192,1
DA:193,4
DA:194,4
DA:196,4
DA:197,4
DA:201,3
DA:202,2
DA:205,3
DA:209,2
DA:221,2
DA:223,4
DA:224,4
DA:227,2
DA:230,6
DA:231,4
DA:232,1
DA:235,4
DA:236,2
DA:237,2
DA:238,1
DA:248,2
DA:251,2
DA:254,4
DA:255,2
DA:259,2
DA:262,6
DA:263,2
DA:264,6
DA:265,2
DA:266,4
DA:270,2
DA:273,2
DA:274,4
DA:277,2
DA:278,2
DA:280,4
DA:282,4
DA:284,1
DA:285,4
DA:287,0
DA:289,1
DA:290,0
DA:292,1
DA:293,1
DA:296,4
DA:297,2
DA:298,2
DA:299,2
DA:300,0
DA:302,2
DA:303,2
DA:306,2
DA:308,2
DA:309,2
DA:316,2
DA:320,2
DA:321,2
DA:322,4
DA:323,1
DA:325,1
DA:334,2
DA:335,4
DA:336,10
DA:338,6
DA:341,2
DA:342,2
DA:358,2
DA:360,4
DA:361,2
DA:364,2
DA:365,2
DA:367,2
DA:370,2
DA:371,2
DA:373,4
DA:374,2
DA:375,2
DA:376,2
DA:378,4
DA:379,2
DA:381,4
DA:383,2
DA:385,2
DA:388,1
DA:390,4
DA:392,6
DA:393,2
DA:394,2
DA:395,2
DA:396,6
DA:401,2
DA:402,4
DA:404,4
DA:405,2
DA:408,4
DA:409,6
DA:413,2
DA:414,4
DA:415,8
DA:416,2
DA:419,2
DA:421,4
DA:423,2
DA:424,6
DA:425,2
DA:426,6
DA:427,4
DA:428,4
DA:429,2
DA:431,4
DA:432,8
DA:435,4
DA:439,2
DA:440,2
DA:441,2
DA:442,2
DA:443,22
DA:447,0
DA:448,0
DA:449,0
DA:450,0
DA:452,0
DA:460,2
DA:464,2
DA:466,4
DA:467,2
DA:469,2
DA:474,2
DA:478,2
DA:480,2
DA:484,2
DA:485,0
DA:486,0
DA:487,0
DA:488,0
DA:490,0
DA:496,2
DA:502,2
DA:503,2
DA:504,2
DA:508,2
DA:513,4
DA:514,4
DA:515,4
DA:517,4
DA:519,2
DA:520,4
DA:522,4
DA:524,2
DA:525,4
DA:527,4
DA:528,6
DA:530,2
DA:531,2
DA:535,2
DA:536,2
DA:539,4
DA:542,8
DA:543,4
DA:545,0
DA:549,4
DA:550,2
DA:551,4
DA:557,2
DA:558,8
DA:561,8
DA:562,4
DA:563,1
DA:564,4
DA:565,2
DA:566,2
DA:569,0
DA:572,2
DA:574,6
DA:575,4
DA:576,1
DA:577,4
DA:578,1
DA:579,6
DA:583,0
DA:586,2
DA:588,2
DA:589,3
DA:590,4
DA:591,4
DA:597,2
DA:600,1
DA:601,1
DA:607,1
DA:608,1
DA:609,1
DA:610,1
DA:611,1
DA:612,1
DA:613,1
DA:615,2
DA:616,0
DA:618,0
DA:623,1
DA:624,1
DA:625,0
DA:626,0
DA:628,0
DA:634,1
DA:640,0
DA:641,0
DA:643,0
DA:644,0
DA:649,0
DA:650,0
DA:651,0
DA:654,0
DA:655,0
DA:656,0
DA:660,2
DA:661,6
DA:664,4
DA:665,4
DA:670,2
DA:671,6
DA:673,4
DA:674,1
DA:678,4
DA:679,4
DA:680,4
DA:686,2
DA:687,2
DA:688,3
DA:689,2
DA:690,2
DA:694,1
DA:695,1
DA:697,2
DA:698,1
DA:706,2
DA:707,5
DA:710,4
DA:715,8
DA:716,1
DA:720,8
DA:721,4
DA:724,2
DA:726,2
DA:727,4
DA:728,4
DA:734,1
DA:736,1
DA:739,2
DA:740,1
DA:741,1
DA:744,1
DA:745,2
DA:746,2
DA:750,1
DA:751,1
DA:754,1
DA:765,2
DA:767,2
DA:768,2
DA:769,8
DA:770,0
DA:775,2
DA:776,2
DA:778,8
DA:779,2
DA:780,4
DA:781,4
DA:782,2
DA:783,2
DA:784,2
DA:786,1
DA:793,2
DA:794,2
DA:796,8
DA:797,2
DA:798,4
DA:799,4
DA:800,2
DA:801,2
DA:802,2
DA:804,2
DA:811,2
DA:812,2
DA:814,12
DA:815,4
DA:816,2
DA:817,4
DA:823,2
DA:824,8
DA:825,4
DA:826,2
DA:827,2
DA:829,4
DA:830,0
DA:831,0
DA:834,2
DA:837,2
DA:839,4
DA:840,4
DA:841,2
DA:842,4
DA:843,0
DA:845,4
DA:850,2
DA:852,4
DA:853,0
DA:855,4
DA:856,2
DA:857,4
DA:858,0
DA:860,4
DA:861,2
DA:865,2
DA:868,2
DA:882,4
DA:883,12
DA:884,14
DA:885,6
DA:892,2
DA:894,2
DA:895,2
DA:896,2
DA:897,1
DA:898,2
DA:899,1
DA:900,2
DA:901,1
DA:902,2
DA:903,1
DA:904,2
DA:905,1
DA:906,2
DA:907,2
DA:908,2
DA:909,2
DA:910,2
DA:911,2
DA:912,0
DA:913,0
DA:914,0
DA:915,0
DA:917,0
DA:921,2
DA:922,2
DA:924,8
DA:925,8
DA:926,0
DA:929,12
DA:930,4
DA:933,12
DA:934,2
DA:935,6
DA:936,2
DA:940,8
DA:941,8
DA:942,2
DA:943,4
DA:944,4
DA:945,2
DA:947,6
DA:948,2
DA:952,4
DA:953,3
DA:956,8
DA:959,2
DA:960,8
DA:961,6
DA:964,2
DA:965,4
DA:975,0
DA:977,0
DA:978,0
DA:979,0
DA:980,0
DA:981,0
DA:982,0
DA:983,0
DA:985,0
DA:986,0
DA:987,0
DA:988,0
DA:989,0
DA:993,0
DA:994,0
DA:996,0
DA:998,0
DA:999,0
DA:1000,0
DA:1001,0
DA:1003,0
DA:1007,0
DA:1008,0
DA:1009,0
DA:1011,0
DA:1012,0
DA:1013,0
DA:1014,0
LF:471
LH:393
end_of_record
SF:lib\math_expression_serializer.dart
DA:11,2
DA:12,2
DA:13,2
DA:16,2
DA:17,2
DA:18,6
DA:19,6
DA:21,2
DA:24,2
DA:25,2
DA:26,4
DA:27,2
DA:29,2
DA:30,4
DA:31,4
DA:32,2
DA:33,2
DA:34,4
DA:35,4
DA:36,2
DA:37,1
DA:39,2
DA:40,2
DA:41,4
DA:42,2
DA:43,2
DA:44,4
DA:45,4
DA:46,2
DA:47,4
DA:48,2
DA:49,2
DA:51,4
DA:53,2
DA:55,2
DA:56,4
DA:57,2
DA:58,2
DA:60,2
DA:61,1
DA:63,2
DA:64,4
DA:65,4
DA:66,2
DA:67,2
DA:68,4
DA:69,4
DA:70,2
DA:71,2
DA:72,4
DA:73,2
DA:79,2
DA:81,2
DA:82,2
DA:83,2
DA:87,2
DA:88,2
DA:89,2
DA:90,2
DA:91,2
DA:95,2
DA:100,2
DA:103,2
DA:104,0
DA:111,2
DA:112,2
DA:114,6
DA:115,2
DA:116,2
DA:118,6
DA:119,4
DA:125,6
DA:127,0
DA:128,0
DA:129,0
DA:137,4
DA:138,0
DA:139,0
DA:141,2
DA:142,2
DA:146,4
DA:148,4
DA:150,4
DA:152,4
DA:154,4
DA:155,2
DA:161,2
DA:166,2
DA:170,0
DA:171,0
DA:172,0
DA:173,0
DA:178,2
DA:179,4
DA:182,2
DA:183,6
DA:186,2
DA:200,4
DA:201,6
DA:202,2
DA:203,6
DA:204,2
DA:206,2
DA:216,0
DA:217,0
DA:221,0
DA:223,0
DA:227,0
DA:231,0
DA:232,0
DA:236,0
DA:237,0
DA:239,0
DA:240,0
DA:241,0
DA:243,0
DA:253,0
DA:254,0
DA:257,0
DA:258,0
DA:259,0
DA:260,0
DA:261,0
DA:262,0
DA:263,0
DA:264,0
DA:265,0
DA:266,0
DA:267,0
DA:268,0
DA:275,0
DA:276,0
DA:280,0
DA:281,0
DA:282,0
DA:284,0
DA:285,0
DA:287,0
DA:293,2
DA:295,8
DA:296,2
DA:300,2
DA:301,4
DA:304,2
DA:307,6
DA:308,2
DA:309,2
DA:311,2
DA:316,2
DA:317,2
DA:318,4
DA:321,2
DA:322,2
DA:324,10
DA:325,10
DA:329,1
DA:330,0
DA:332,0
DA:333,0
DA:337,1
DA:338,0
DA:340,0
DA:344,1
DA:345,1
DA:347,1
DA:348,5
DA:352,1
DA:353,1
DA:355,1
DA:356,5
DA:357,5
DA:361,0
DA:362,0
DA:364,0
DA:365,0
DA:366,0
DA:370,0
DA:371,0
DA:373,0
DA:374,0
DA:378,0
DA:379,0
DA:381,0
DA:382,0
DA:386,0
DA:387,0
DA:389,0
DA:393,0
DA:394,0
DA:398,0
DA:402,2
DA:403,2
DA:406,2
DA:407,4
DA:409,2
DA:410,2
DA:411,4
DA:412,4
DA:415,1
DA:416,0
DA:417,0
DA:418,0
DA:421,1
DA:422,0
DA:424,1
DA:425,1
DA:426,1
DA:427,2
DA:430,1
DA:431,1
DA:432,1
DA:434,2
DA:435,2
DA:438,0
DA:439,0
DA:440,0
DA:441,0
DA:442,0
DA:445,0
DA:446,0
DA:447,0
DA:448,0
DA:451,0
DA:452,0
DA:453,0
DA:454,0
DA:457,0
DA:458,0
DA:460,0
DA:461,0
DA:464,0
DA:469,2
DA:470,0
DA:475,6
DA:476,2
DA:477,2
DA:479,0
LF:237
LH:144
end_of_record
SF:lib\renderer.dart
DA:10,15
DA:15,3
DA:21,3
DA:22,2
DA:23,2
DA:29,3
DA:30,2
DA:31,2
DA:39,3
DA:43,6
DA:44,2
DA:50,3
DA:51,2
DA:58,3
DA:62,6
DA:63,2
DA:69,3
DA:70,2
DA:71,2
DA:77,3
DA:78,2
DA:79,2
DA:83,6
DA:88,3
DA:89,2
DA:95,5
DA:104,4
DA:111,1
DA:117,1
DA:118,1
DA:119,1
DA:120,1
DA:121,0
DA:125,1
DA:128,1
DA:129,3
DA:130,3
DA:131,3
DA:132,3
DA:135,0
DA:137,0
DA:149,0
DA:172,0
DA:174,0
DA:189,0
DA:190,0
DA:194,0
DA:195,0
DA:198,0
DA:199,0
DA:207,0
DA:208,0
DA:209,0
DA:210,0
DA:211,0
DA:215,0
DA:219,0
DA:221,0
DA:222,0
DA:224,0
DA:227,0
DA:230,0
DA:233,0
DA:238,0
DA:240,0
DA:241,0
DA:242,0
DA:245,0
DA:246,0
DA:247,0
DA:252,0
DA:254,0
DA:256,0
DA:257,0
DA:258,0
DA:259,0
DA:261,0
DA:268,0
DA:274,0
DA:277,0
DA:280,0
DA:283,0
DA:286,0
DA:287,0
DA:290,0
DA:293,0
DA:294,0
DA:298,0
DA:299,0
DA:302,0
DA:308,0
DA:310,0
DA:311,0
DA:312,0
DA:315,0
DA:317,0
DA:318,0
DA:320,0
DA:322,0
DA:323,0
DA:326,0
DA:327,0
DA:331,0
DA:332,0
DA:335,0
DA:336,0
DA:342,0
DA:344,0
DA:345,0
DA:346,0
DA:347,0
DA:350,0
DA:353,0
DA:357,0
DA:361,0
DA:362,0
DA:365,0
DA:367,0
DA:368,0
DA:369,0
DA:370,0
DA:371,0
DA:373,0
DA:376,0
DA:389,0
DA:398,0
DA:413,0
DA:423,0
DA:426,0
DA:429,0
DA:430,0
DA:431,0
DA:435,0
DA:436,0
DA:438,0
DA:441,0
DA:442,0
DA:446,0
DA:450,0
DA:451,0
DA:453,0
DA:456,0
DA:459,0
DA:460,0
DA:461,0
DA:462,0
DA:464,0
DA:466,0
DA:467,0
DA:471,0
DA:472,0
DA:474,0
DA:477,0
DA:480,0
DA:481,0
DA:482,0
DA:483,0
DA:485,0
DA:487,0
DA:488,0
DA:492,0
DA:493,0
DA:494,0
DA:497,0
DA:499,0
DA:501,0
DA:503,0
DA:504,0
DA:511,0
DA:512,0
DA:513,0
DA:514,0
DA:515,0
DA:516,0
DA:517,0
DA:518,0
DA:519,0
DA:520,0
DA:521,0
DA:524,0
DA:525,0
DA:526,0
DA:527,0
DA:528,0
DA:529,0
DA:530,0
DA:531,0
DA:534,0
DA:535,0
DA:536,0
DA:538,0
DA:539,0
DA:542,0
DA:543,0
DA:544,0
DA:547,0
DA:548,0
DA:549,0
DA:552,0
DA:553,0
DA:557,0
DA:558,0
DA:559,0
DA:562,0
DA:563,0
DA:568,0
DA:569,0
DA:570,0
DA:571,0
DA:572,0
DA:573,0
DA:576,0
DA:580,0
DA:581,0
DA:582,0
DA:583,0
DA:584,0
DA:585,0
DA:587,0
DA:589,0
DA:596,0
DA:598,0
DA:599,0
DA:600,0
DA:601,0
DA:602,0
DA:603,0
DA:604,0
DA:605,0
DA:606,0
DA:607,0
DA:613,0
DA:616,0
DA:619,0
DA:620,0
DA:621,0
DA:628,0
DA:630,0
DA:631,0
DA:632,0
DA:633,0
DA:640,0
DA:641,0
DA:642,0
DA:644,0
DA:645,0
DA:648,0
DA:649,0
DA:652,0
DA:653,0
DA:654,0
DA:655,0
DA:658,0
DA:661,0
DA:662,0
DA:663,0
DA:664,0
DA:668,0
DA:669,0
DA:673,0
DA:674,0
DA:678,0
DA:679,0
DA:683,0
DA:684,0
DA:689,0
DA:690,0
DA:694,0
DA:695,0
DA:696,0
DA:697,0
DA:698,0
DA:699,0
DA:700,0
DA:702,0
DA:704,0
DA:711,0
DA:712,0
DA:713,0
DA:715,0
DA:716,0
DA:719,0
DA:720,0
DA:723,0
DA:729,0
DA:734,0
DA:735,0
DA:736,0
DA:737,0
DA:738,0
DA:739,0
DA:740,0
DA:741,0
DA:744,0
DA:746,0
DA:747,0
DA:750,0
DA:758,0
DA:764,0
DA:772,0
DA:780,0
DA:781,0
DA:782,0
DA:786,0
DA:787,0
DA:789,0
DA:790,0
DA:791,0
DA:793,0
DA:794,0
DA:795,0
DA:799,0
DA:800,0
DA:803,0
DA:804,0
DA:807,0
DA:808,0
DA:810,0
DA:812,0
DA:813,0
DA:814,0
DA:815,0
DA:816,0
DA:819,0
DA:820,0
DA:821,0
DA:822,0
DA:823,0
DA:824,0
DA:827,0
DA:830,0
DA:831,0
DA:832,0
DA:834,0
DA:837,0
DA:838,0
DA:839,0
DA:840,0
DA:843,0
DA:844,0
DA:849,0
DA:852,0
DA:853,0
DA:854,0
DA:856,0
DA:858,0
DA:859,0
DA:860,0
DA:863,0
DA:864,0
DA:865,0
DA:866,0
DA:870,0
DA:871,0
DA:874,0
DA:875,0
DA:877,0
DA:878,0
DA:879,0
DA:881,0
DA:882,0
DA:883,0
DA:884,0
DA:886,0
DA:887,0
DA:889,0
DA:891,0
DA:893,0
DA:895,0
DA:897,0
DA:898,0
DA:899,0
DA:900,0
DA:901,0
DA:907,0
DA:912,0
DA:913,0
DA:915,0
DA:916,0
DA:917,0
DA:919,0
DA:920,0
DA:921,0
DA:922,0
DA:924,0
DA:925,0
DA:927,0
DA:929,0
DA:931,0
DA:932,0
DA:934,0
DA:936,0
DA:937,0
DA:938,0
DA:939,0
DA:940,0
DA:946,0
DA:949,0
DA:950,0
DA:951,0
DA:952,0
DA:953,0
DA:955,0
DA:956,0
DA:957,0
DA:958,0
DA:960,0
DA:961,0
DA:963,0
DA:965,0
DA:967,0
DA:968,0
DA:970,0
DA:972,0
DA:973,0
DA:974,0
DA:976,0
DA:977,0
DA:983,0
DA:986,0
DA:987,0
DA:988,0
DA:989,0
DA:990,0
DA:992,0
DA:993,0
DA:994,0
DA:995,0
DA:997,0
DA:998,0
DA:1000,0
DA:1002,0
DA:1003,0
DA:1004,0
DA:1007,0
DA:1009,0
DA:1010,0
DA:1011,0
DA:1013,0
DA:1014,0
DA:1020,0
DA:1023,0
DA:1024,0
DA:1025,0
DA:1026,0
DA:1027,0
DA:1029,0
DA:1030,0
DA:1031,0
DA:1032,0
DA:1034,0
DA:1035,0
DA:1037,0
DA:1039,0
DA:1040,0
DA:1041,0
DA:1044,0
DA:1046,0
DA:1047,0
DA:1048,0
DA:1050,0
DA:1051,0
DA:1057,0
DA:1060,0
DA:1061,0
DA:1062,0
DA:1063,0
DA:1064,0
DA:1066,0
DA:1067,0
DA:1068,0
DA:1069,0
DA:1071,0
DA:1072,0
DA:1074,0
DA:1076,0
DA:1077,0
DA:1079,0
DA:1080,0
DA:1081,0
DA:1083,0
DA:1084,0
DA:1090,0
DA:1093,0
DA:1094,0
DA:1095,0
DA:1096,0
DA:1097,0
DA:1099,0
DA:1100,0
DA:1101,0
DA:1102,0
DA:1104,0
DA:1105,0
DA:1107,0
DA:1109,0
DA:1110,0
DA:1112,0
DA:1113,0
DA:1114,0
DA:1116,0
DA:1117,0
DA:1123,0
DA:1128,0
DA:1129,0
DA:1132,0
DA:1133,0
DA:1136,0
DA:1137,0
DA:1143,0
DA:1144,0
DA:1145,0
DA:1147,0
DA:1148,0
DA:1149,0
DA:1150,0
DA:1153,0
DA:1154,0
DA:1157,0
DA:1158,0
DA:1168,0
DA:1169,0
DA:1170,0
DA:1171,0
DA:1172,0
DA:1173,0
DA:1174,0
DA:1186,0
DA:1187,0
DA:1190,0
DA:1191,0
DA:1192,0
DA:1195,0
DA:1196,0
DA:1198,0
DA:1200,0
DA:1201,0
DA:1202,0
DA:1203,0
DA:1204,0
DA:1208,0
DA:1209,0
DA:1210,0
DA:1211,0
DA:1213,0
DA:1214,0
DA:1218,0
DA:1220,0
DA:1221,0
DA:1222,0
DA:1224,0
DA:1226,0
DA:1227,0
DA:1232,0
DA:1237,0
DA:1239,0
DA:1240,0
DA:1241,0
DA:1243,0
DA:1245,0
DA:1246,0
DA:1247,0
DA:1249,0
DA:1250,0
DA:1251,0
DA:1256,0
DA:1260,0
DA:1266,0
DA:1269,0
DA:1270,0
DA:1273,0
DA:1274,0
DA:1276,0
DA:1277,0
DA:1278,0
DA:1279,0
DA:1280,0
DA:1281,0
DA:1282,0
DA:1284,0
DA:1286,0
DA:1288,0
DA:1289,0
DA:1290,0
DA:1291,0
DA:1292,0
DA:1295,0
DA:1296,0
DA:1297,0
DA:1300,0
DA:1301,0
DA:1304,0
DA:1309,0
DA:1311,0
DA:1312,0
DA:1314,0
DA:1315,0
DA:1317,0
DA:1318,0
DA:1322,0
DA:1323,0
DA:1326,0
DA:1327,0
DA:1331,0
DA:1332,0
DA:1333,0
DA:1334,0
DA:1338,0
DA:1341,0
DA:1342,0
DA:1343,0
DA:1344,0
DA:1345,0
DA:1346,0
DA:1347,0
DA:1349,0
DA:1351,0
DA:1352,0
DA:1353,0
DA:1354,0
DA:1355,0
DA:1358,0
DA:1359,0
DA:1360,0
DA:1361,0
DA:1366,0
DA:1369,0
DA:1370,0
DA:1373,0
DA:1374,0
DA:1376,0
DA:1377,0
DA:1379,0
DA:1380,0
DA:1383,0
DA:1384,0
DA:1387,0
DA:1388,0
DA:1390,0
DA:1391,0
DA:1397,0
DA:1398,0
DA:1399,0
DA:1401,0
DA:1402,0
DA:1403,0
DA:1404,0
DA:1407,0
DA:1408,0
DA:1410,0
DA:1411,0
DA:1412,0
DA:1413,0
DA:1414,0
DA:1415,0
DA:1416,0
DA:1417,0
DA:1429,0
DA:1430,0
DA:1433,0
DA:1434,0
DA:1435,0
DA:1437,0
DA:1438,0
DA:1440,0
DA:1442,0
DA:1443,0
DA:1444,0
DA:1445,0
DA:1446,0
DA:1450,0
DA:1451,0
DA:1452,0
DA:1453,0
DA:1455,0
DA:1456,0
DA:1460,0
DA:1462,0
DA:1463,0
DA:1464,0
DA:1466,0
DA:1468,0
DA:1469,0
DA:1474,0
DA:1479,0
DA:1481,0
DA:1482,0
DA:1483,0
DA:1485,0
DA:1487,0
DA:1488,0
DA:1489,0
DA:1491,0
DA:1492,0
DA:1493,0
DA:1498,0
DA:1501,0
DA:1507,0
DA:1509,0
DA:1510,0
DA:1512,0
DA:1513,0
DA:1515,0
DA:1516,0
DA:1517,0
DA:1518,0
DA:1519,0
DA:1520,0
DA:1521,0
DA:1523,0
DA:1525,0
DA:1527,0
DA:1528,0
DA:1529,0
DA:1530,0
DA:1531,0
DA:1534,0
DA:1535,0
DA:1536,0
DA:1538,0
DA:1539,0
DA:1542,0
DA:1547,0
DA:1549,0
DA:1550,0
DA:1552,0
DA:1553,0
DA:1555,0
DA:1556,0
DA:1559,0
DA:1560,0
DA:1563,0
DA:1564,0
DA:1567,0
DA:1568,0
DA:1569,0
DA:1570,0
DA:1573,0
DA:1576,0
DA:1577,0
DA:1578,0
DA:1579,0
DA:1580,0
DA:1581,0
DA:1582,0
DA:1584,0
DA:1586,0
DA:1587,0
DA:1588,0
DA:1589,0
DA:1590,0
DA:1593,0
DA:1594,0
DA:1595,0
DA:1596,0
DA:1601,0
DA:1603,0
DA:1604,0
DA:1607,0
DA:1608,0
DA:1610,0
DA:1611,0
DA:1613,0
DA:1614,0
DA:1617,0
DA:1618,0
DA:1619,0
DA:1620,0
DA:1621,0
DA:1623,0
DA:1624,0
DA:1625,0
DA:1626,0
DA:1628,0
DA:1629,0
DA:1631,0
DA:1633,0
DA:1634,0
DA:1636,0
DA:1637,0
DA:1638,0
DA:1639,0
DA:1640,0
DA:1641,0
DA:1642,0
DA:1646,0
DA:1647,0
DA:1651,0
DA:1653,0
DA:1655,0
DA:1657,0
DA:1666,0
DA:1668,0
DA:1672,0
DA:1673,0
DA:1674,0
DA:1677,0
DA:1678,0
DA:1679,0
DA:1682,0
DA:1683,0
DA:1684,0
DA:1685,0
DA:1686,0
DA:1688,0
DA:1689,0
DA:1691,0
DA:1692,0
DA:1694,0
DA:1695,0
DA:1697,0
DA:1698,0
DA:1700,0
DA:1701,0
DA:1703,0
DA:1704,0
DA:1706,0
DA:1707,0
DA:1709,0
DA:1710,0
DA:1712,0
DA:1715,0
DA:1716,0
DA:1717,0
DA:1718,0
DA:1720,0
DA:1723,0
DA:1724,0
DA:1727,0
DA:1728,0
DA:1731,0
DA:1732,0
DA:1735,0
DA:1736,0
DA:1739,0
DA:1740,0
DA:1743,0
DA:1744,0
DA:1747,0
DA:1748,0
DA:1751,0
DA:1752,0
DA:1759,0
DA:1760,0
DA:1762,0
DA:1768,0
DA:1769,0
DA:1770,0
DA:1771,0
DA:1772,0
DA:1773,0
DA:1775,0
DA:1777,0
DA:1778,0
DA:1780,0
DA:1782,0
DA:1783,0
DA:1784,0
DA:1786,0
DA:1790,0
DA:1792,0
DA:1794,0
DA:1796,0
DA:1798,0
DA:1800,0
DA:1802,0
DA:1804,0
DA:1806,0
DA:1808,0
DA:1810,0
DA:1813,0
DA:1814,0
DA:1816,0
DA:1819,0
DA:1820,0
DA:1827,0
DA:1831,0
DA:1837,0
DA:1838,0
DA:1840,0
DA:1841,0
DA:1842,0
DA:1843,0
DA:1844,0
DA:1845,0
DA:1846,0
DA:1847,0
DA:1848,0
DA:1850,0
DA:1854,0
DA:1855,0
DA:1858,0
DA:1859,0
DA:1860,0
DA:1865,0
DA:1866,0
DA:1867,0
DA:1868,0
DA:1874,0
DA:1875,0
DA:1876,0
DA:1877,0
DA:1878,0
DA:1879,0
DA:1880,0
DA:1881,0
DA:1882,0
DA:1884,0
DA:1885,0
DA:1886,0
DA:1887,0
DA:1888,0
DA:1889,0
DA:1890,0
DA:1892,0
DA:1896,0
DA:1901,0
DA:1902,0
DA:1903,0
DA:1906,0
DA:1907,0
DA:1908,0
DA:1911,0
DA:1912,0
DA:1914,0
DA:1915,0
DA:1918,0
DA:1919,0
DA:1924,0
DA:1925,0
DA:1931,0
DA:1934,0
DA:1935,0
DA:1939,0
DA:1940,0
DA:1941,0
DA:1942,0
DA:1943,0
DA:1944,0
DA:1945,0
DA:1946,0
DA:1947,0
DA:1948,0
DA:1949,0
DA:1951,0
DA:1953,0
DA:1954,0
DA:1955,0
DA:1956,0
DA:1957,0
DA:1959,0
DA:1973,0
DA:1982,0
DA:1983,0
DA:1984,0
DA:1985,0
DA:1986,0
DA:1987,0
DA:1990,0
DA:1991,0
DA:1992,0
DA:1993,0
DA:1995,0
DA:1996,0
DA:1997,0
DA:1998,0
DA:2000,0
DA:2001,0
DA:2002,0
DA:2004,0
DA:2005,0
DA:2006,0
DA:2007,0
DA:2008,0
DA:2014,0
DA:2017,0
DA:2018,0
DA:2020,0
DA:2021,0
DA:2022,0
DA:2023,0
DA:2026,0
DA:2027,0
DA:2031,0
DA:2032,0
DA:2033,0
DA:2038,0
DA:2039,0
DA:2043,0
DA:2045,0
DA:2049,0
DA:2051,0
DA:2058,0
DA:2059,0
DA:2060,0
DA:2063,0
DA:2064,0
DA:2067,0
DA:2068,0
DA:2071,0
DA:2072,0
DA:2075,0
DA:2076,0
DA:2083,0
DA:2084,0
DA:2085,0
DA:2087,0
DA:2088,0
DA:2089,0
DA:2092,0
DA:2093,0
DA:2094,0
DA:2097,0
DA:2098,0
DA:2105,0
DA:2109,0
DA:2110,0
DA:2114,0
DA:2115,0
DA:2117,0
DA:2120,0
DA:2121,0
DA:2123,0
DA:2126,0
DA:2127,0
DA:2128,0
DA:2129,0
DA:2130,0
DA:2134,0
DA:2135,0
DA:2136,0
DA:2137,0
DA:2139,0
DA:2140,0
DA:2144,0
DA:2146,0
DA:2147,0
DA:2148,0
DA:2149,0
DA:2153,0
DA:2155,0
DA:2157,0
DA:2159,0
DA:2160,0
DA:2165,0
DA:2171,0
DA:2172,0
DA:2175,0
DA:2176,0
DA:2177,0
DA:2178,0
DA:2180,0
DA:2182,0
DA:2183,0
DA:2184,0
DA:2185,0
DA:2186,0
DA:2192,0
DA:2196,0
DA:2198,0
DA:2201,0
DA:2204,0
DA:2206,0
DA:2207,0
DA:2211,0
DA:2212,0
DA:2213,0
DA:2216,0
DA:2219,0
DA:2225,0
DA:2226,0
DA:2229,0
DA:2230,0
DA:2233,0
DA:2234,0
DA:2235,0
DA:2236,0
DA:2239,0
DA:2242,0
DA:2243,0
DA:2244,0
DA:2245,0
DA:2246,0
DA:2247,0
DA:2248,0
DA:2250,0
DA:2252,0
DA:2253,0
DA:2254,0
DA:2255,0
DA:2256,0
DA:2259,0
DA:2260,0
DA:2261,0
DA:2262,0
DA:2267,0
DA:2269,0
DA:2270,0
DA:2273,0
DA:2275,0
DA:2277,0
DA:2279,0
DA:2280,0
DA:2282,0
DA:2283,0
DA:2288,0
DA:2292,0
DA:2293,0
DA:2296,0
DA:2297,0
DA:2300,0
DA:2301,0
DA:2302,0
DA:2303,0
DA:2306,0
DA:2309,0
DA:2310,0
DA:2311,0
DA:2312,0
DA:2313,0
DA:2314,0
DA:2315,0
DA:2317,0
DA:2319,0
DA:2320,0
DA:2321,0
DA:2322,0
DA:2323,0
DA:2326,0
DA:2327,0
DA:2328,0
DA:2329,0
DA:2334,0
DA:2336,0
DA:2337,0
DA:2340,0
DA:2342,0
DA:2344,0
DA:2346,0
DA:2347,0
DA:2349,0
DA:2350,0
DA:2355,0
DA:2359,0
DA:2360,0
DA:2363,0
DA:2364,0
DA:2367,0
DA:2368,0
DA:2369,0
DA:2370,0
DA:2373,0
DA:2376,0
DA:2377,0
DA:2378,0
DA:2379,0
DA:2380,0
DA:2381,0
DA:2382,0
DA:2384,0
DA:2386,0
DA:2387,0
DA:2388,0
DA:2389,0
DA:2390,0
DA:2393,0
DA:2394,0
DA:2395,0
DA:2396,0
DA:2401,0
DA:2403,0
DA:2404,0
DA:2407,0
DA:2409,0
DA:2411,0
DA:2413,0
DA:2414,0
DA:2416,0
DA:2417,0
DA:2422,0
DA:2425,0
DA:2427,0
DA:2428,0
DA:2429,0
DA:2430,0
DA:2434,0
DA:2435,0
DA:2436,0
DA:2438,0
DA:2439,0
DA:2440,0
DA:2443,0
DA:2444,0
DA:2446,0
DA:2447,0
DA:2449,0
DA:2450,0
DA:2452,0
DA:2454,0
DA:2455,0
DA:2456,0
DA:2457,0
DA:2458,0
DA:2461,0
DA:2462,0
DA:2463,0
DA:2464,0
DA:2465,0
DA:2467,0
DA:2468,0
DA:2469,0
DA:2470,0
DA:2472,0
DA:2473,0
DA:2474,0
DA:2479,0
DA:2484,0
DA:2485,0
DA:2486,0
DA:2487,0
DA:2489,0
DA:2491,0
DA:2492,0
DA:2493,0
DA:2494,0
DA:2495,0
DA:2501,0
DA:2505,0
DA:2506,0
DA:2509,0
DA:2510,0
DA:2514,0
DA:2515,0
DA:2516,0
DA:2517,0
DA:2521,0
DA:2524,0
DA:2526,0
DA:2527,0
DA:2528,0
DA:2530,0
DA:2532,0
DA:2534,0
DA:2536,0
DA:2537,0
DA:2538,0
DA:2539,0
DA:2543,0
DA:2544,0
DA:2545,0
DA:2548,0
DA:2554,0
DA:2557,0
DA:2558,0
DA:2563,0
DA:2565,0
DA:2568,0
DA:2570,0
DA:2571,0
DA:2573,0
DA:2574,0
DA:2579,0
DA:2583,0
DA:2584,0
DA:2587,0
DA:2588,0
DA:2591,0
DA:2592,0
DA:2593,0
DA:2594,0
DA:2598,0
DA:2601,0
DA:2602,0
DA:2603,0
DA:2604,0
DA:2605,0
DA:2607,0
DA:2609,0
DA:2610,0
DA:2611,0
DA:2612,0
DA:2613,0
DA:2616,0
DA:2617,0
DA:2618,0
DA:2619,0
DA:2624,0
DA:2626,0
DA:2627,0
DA:2630,0
DA:2632,0
DA:2634,0
DA:2636,0
DA:2637,0
DA:2639,0
DA:2640,0
DA:2645,0
DA:2649,0
DA:2650,0
DA:2653,0
DA:2654,0
DA:2657,0
DA:2658,0
DA:2659,0
DA:2660,0
DA:2663,0
DA:2666,0
DA:2667,0
DA:2668,0
DA:2669,0
DA:2670,0
DA:2672,0
DA:2674,0
DA:2675,0
DA:2676,0
DA:2677,0
DA:2678,0
DA:2681,0
DA:2682,0
DA:2683,0
DA:2684,0
DA:2689,0
DA:2691,0
DA:2692,0
DA:2695,0
DA:2697,0
DA:2699,0
DA:2701,0
DA:2702,0
DA:2704,0
DA:2705,0
DA:2710,0
DA:2714,0
DA:2715,0
DA:2718,0
DA:2719,0
DA:2722,0
DA:2723,0
DA:2724,0
DA:2725,0
DA:2728,0
DA:2731,0
DA:2732,0
DA:2733,0
DA:2734,0
DA:2735,0
DA:2737,0
DA:2739,0
DA:2740,0
DA:2741,0
DA:2742,0
DA:2743,0
DA:2746,0
DA:2747,0
DA:2748,0
DA:2749,0
DA:2754,0
DA:2756,0
DA:2757,0
DA:2760,0
DA:2762,0
DA:2764,0
DA:2766,0
DA:2767,0
DA:2769,0
DA:2770,0
DA:2775,0
DA:2779,0
DA:2780,0
DA:2783,0
DA:2784,0
DA:2787,0
DA:2788,0
DA:2789,0
DA:2790,0
DA:2793,0
DA:2796,0
DA:2797,0
DA:2798,0
DA:2799,0
DA:2800,0
DA:2802,0
DA:2804,0
DA:2805,0
DA:2806,0
DA:2807,0
DA:2808,0
DA:2811,0
DA:2812,0
DA:2813,0
DA:2814,0
DA:2819,0
DA:2821,0
DA:2822,0
DA:2825,0
DA:2827,0
DA:2829,0
DA:2831,0
DA:2832,0
DA:2834,0
DA:2835,0
DA:2840,0
DA:2844,0
DA:2845,0
DA:2848,0
DA:2849,0
DA:2852,0
DA:2853,0
DA:2854,0
DA:2855,0
DA:2859,0
DA:2862,0
DA:2863,0
DA:2864,0
DA:2865,0
DA:2866,0
DA:2868,0
DA:2870,0
DA:2871,0
DA:2872,0
DA:2873,0
DA:2874,0
DA:2878,0
DA:2879,0
DA:2880,0
DA:2882,0
DA:2887,0
DA:2889,0
DA:2890,0
DA:2894,0
DA:2896,0
DA:2899,0
DA:2901,0
DA:2902,0
DA:2904,0
DA:2905,0
DA:2908,0
DA:2909,0
DA:2910,0
DA:2911,0
DA:2913,0
DA:2914,0
DA:2915,0
DA:2916,0
DA:2917,0
DA:2918,0
DA:2921,0
DA:2922,0
DA:2925,0
DA:2926,0
DA:2929,0
DA:2930,0
DA:2931,0
DA:2932,0
DA:2933,0
DA:2934,0
DA:2937,0
DA:2938,0
DA:2939,0
DA:2941,0
DA:2942,0
DA:2943,0
DA:2944,0
DA:2945,0
DA:2946,0
DA:2948,0
DA:2950,0
DA:2951,0
DA:2953,0
DA:2955,0
DA:2956,0
DA:2957,0
DA:2958,0
DA:2959,0
DA:2960,0
DA:2961,0
DA:2962,0
DA:2963,0
DA:2964,0
DA:2965,0
DA:2966,0
DA:2967,0
DA:2968,0
DA:2969,0
DA:2970,0
DA:2971,0
DA:2972,0
DA:2973,0
DA:2974,0
DA:2975,0
DA:2976,0
DA:2977,0
DA:2978,0
DA:2979,0
DA:2980,0
DA:2981,0
DA:2982,0
DA:2986,0
DA:2987,0
DA:2988,0
DA:2989,0
DA:2990,0
DA:2991,0
DA:2992,0
DA:2993,0
DA:2994,0
DA:2995,0
DA:2996,0
DA:2997,0
DA:2998,0
DA:2999,0
DA:3000,0
DA:3001,0
DA:3002,0
DA:3003,0
DA:3004,0
DA:3005,0
DA:3009,0
DA:3010,0
DA:3011,0
DA:3012,0
DA:3014,0
DA:3015,0
DA:3017,0
DA:3018,0
DA:3019,0
DA:3020,0
DA:3022,0
DA:3023,0
DA:3028,0
DA:3029,0
DA:3030,0
DA:3031,0
DA:3033,0
DA:3034,0
DA:3036,0
DA:3037,0
DA:3038,0
DA:3039,0
DA:3041,0
DA:3042,0
DA:3047,0
DA:3048,0
DA:3049,0
DA:3051,0
DA:3052,0
DA:3056,0
DA:3057,0
DA:3058,0
DA:3059,0
DA:3060,0
DA:3061,0
DA:3062,0
DA:3064,0
DA:3065,0
DA:3067,0
DA:3068,0
DA:3069,0
DA:3070,0
DA:3072,0
DA:3073,0
DA:3078,0
DA:3080,0
DA:3081,0
DA:3083,0
DA:3084,0
DA:3090,0
DA:3091,0
DA:3092,0
DA:3094,0
DA:3095,0
DA:3099,0
DA:3100,0
DA:3101,0
DA:3102,0
DA:3103,0
DA:3104,0
DA:3105,0
DA:3107,0
DA:3108,0
DA:3110,0
DA:3111,0
DA:3112,0
DA:3113,0
DA:3115,0
DA:3116,0
DA:3121,0
DA:3122,0
DA:3123,0
DA:3124,0
DA:3125,0
DA:3127,0
DA:3128,0
DA:3130,0
DA:3131,0
DA:3132,0
DA:3134,0
DA:3135,0
DA:3140,0
DA:3141,0
DA:3142,0
DA:3143,0
DA:3144,0
DA:3146,0
DA:3147,0
DA:3149,0
DA:3150,0
DA:3151,0
DA:3153,0
DA:3154,0
DA:3159,0
DA:3160,0
DA:3161,0
DA:3162,0
DA:3175,0
DA:3180,0
DA:3181,0
DA:3182,0
DA:3184,0
DA:3185,0
DA:3189,0
DA:3191,0
DA:3192,0
DA:3193,0
DA:3194,0
DA:3195,0
DA:3196,0
DA:3197,0
DA:3198,0
DA:3199,0
DA:3200,0
DA:3201,0
DA:3202,0
DA:3203,0
DA:3204,0
DA:3205,0
DA:3206,0
DA:3207,0
DA:3208,0
DA:3212,0
DA:3217,0
DA:3218,0
DA:3220,0
DA:3221,0
DA:3227,0
DA:3228,0
DA:3229,0
DA:3230,0
DA:3231,0
DA:3232,0
DA:3233,0
DA:3234,0
DA:3235,0
DA:3236,0
DA:3237,0
DA:3239,0
DA:3241,0
DA:3242,0
DA:3243,0
DA:3245,0
DA:3247,0
DA:3248,0
DA:3249,0
DA:3250,0
DA:3251,0
DA:3252,0
DA:3256,0
DA:3257,0
DA:3259,0
DA:3260,0
DA:3266,0
DA:3269,0
DA:3270,0
DA:3271,0
DA:3273,0
DA:3274,0
DA:3276,0
DA:3280,0
DA:3283,0
DA:3286,0
DA:3292,0
DA:3293,0
DA:3294,0
DA:3295,0
DA:3296,0
DA:3297,0
DA:3300,0
DA:3301,0
DA:3303,0
DA:3304,0
DA:3305,0
DA:3306,0
DA:3307,0
DA:3308,0
DA:3309,0
DA:3310,0
DA:3313,0
DA:3322,0
DA:3323,0
DA:3324,0
DA:3326,0
DA:3328,0
DA:3329,0
DA:3331,0
DA:3333,0
DA:3334,0
DA:3336,0
DA:3337,0
DA:3344,0
DA:3350,0
DA:3351,0
DA:3352,0
DA:3353,0
DA:3354,0
DA:3355,0
DA:3358,0
DA:3361,0
DA:3362,0
DA:3363,0
DA:3364,0
DA:3365,0
DA:3366,0
DA:3367,0
DA:3368,0
DA:3371,0
DA:3372,0
DA:3373,0
DA:3374,0
DA:3375,0
DA:3376,0
DA:3380,0
DA:3382,0
DA:3383,0
DA:3384,0
DA:3385,0
DA:3386,0
DA:3390,0
DA:3392,0
DA:3393,0
DA:3394,0
DA:3395,0
DA:3400,0
DA:3401,0
DA:3402,0
DA:3404,0
DA:3406,0
DA:3407,0
DA:3409,0
DA:3411,0
DA:3412,0
DA:3414,0
DA:3415,0
DA:3422,0
DA:3423,0
DA:3425,0
DA:3426,0
DA:3427,0
DA:3428,0
DA:3429,0
DA:3430,0
DA:3432,0
DA:3436,0
DA:3437,0
DA:3440,0
DA:3441,0
DA:3444,0
DA:3445,0
DA:3446,0
DA:3448,0
DA:3449,0
DA:3450,0
DA:3453,0
DA:3454,0
DA:3455,0
DA:3456,0
DA:3457,0
DA:3461,0
DA:3465,0
DA:3466,0
DA:3469,0
DA:3471,0
DA:3472,0
DA:3473,0
DA:3474,0
DA:3475,0
DA:3476,0
DA:3478,0
DA:3481,0
DA:3482,0
DA:3483,0
DA:3489,0
DA:3490,0
DA:3491,0
DA:3498,0
DA:3500,0
DA:3501,0
DA:3502,0
DA:3508,0
DA:3510,0
DA:3511,0
DA:3512,0
DA:3513,0
DA:3514,0
DA:3516,0
DA:3518,0
DA:3519,0
DA:3520,0
DA:3521,0
DA:3522,0
DA:3523,0
DA:3524,0
DA:3526,0
DA:3527,0
DA:3529,0
DA:3530,0
DA:3532,0
DA:3533,0
DA:3535,0
DA:3536,0
DA:3538,0
DA:3539,0
DA:3541,0
DA:3545,0
DA:3546,0
DA:3547,0
DA:3548,0
DA:3549,0
DA:3551,0
DA:3554,0
DA:3555,0
DA:3556,0
DA:3564,0
DA:3567,0
DA:3568,0
DA:3570,0
DA:3571,0
DA:3574,0
DA:3575,0
DA:3577,0
DA:3578,0
DA:3579,0
DA:3580,0
DA:3581,0
DA:3582,0
DA:3586,0
DA:3590,0
DA:3591,0
DA:3592,0
DA:3596,0
DA:3597,0
DA:3599,0
DA:3602,0
DA:3603,0
DA:3605,0
DA:3606,0
DA:3609,0
DA:3611,0
DA:3612,0
DA:3613,0
DA:3616,0
DA:3617,0
DA:3618,0
DA:3619,0
DA:3620,0
DA:3624,0
DA:3628,0
DA:3629,0
DA:3632,0
DA:3634,0
DA:3635,0
DA:3636,0
DA:3637,0
DA:3638,0
DA:3639,0
DA:3641,0
DA:3644,0
DA:3645,0
DA:3646,0
DA:3652,0
DA:3653,0
DA:3654,0
DA:3661,0
DA:3663,0
DA:3664,0
DA:3665,0
DA:3671,0
DA:3673,0
DA:3674,0
DA:3675,0
DA:3676,0
DA:3677,0
DA:3679,0
DA:3681,0
DA:3682,0
DA:3683,0
DA:3684,0
DA:3685,0
DA:3686,0
DA:3687,0
DA:3688,0
DA:3689,0
DA:3690,0
DA:3691,0
DA:3692,0
DA:3693,0
DA:3694,0
DA:3695,0
DA:3697,0
DA:3698,0
DA:3700,0
DA:3704,0
DA:3705,0
DA:3706,0
DA:3707,0
DA:3708,0
DA:3710,0
DA:3713,0
DA:3714,0
DA:3715,0
DA:3723,0
DA:3726,0
DA:3727,0
DA:3729,0
DA:3730,0
DA:3733,0
DA:3734,0
DA:3736,0
DA:3737,0
DA:3738,0
DA:3739,0
DA:3740,0
DA:3741,0
DA:3745,0
DA:3749,0
DA:3750,0
DA:3751,0
DA:3755,0
DA:3756,0
DA:3758,0
DA:3761,0
DA:3762,0
DA:3764,0
DA:3765,0
DA:3768,0
DA:3770,0
DA:3772,0
DA:3773,0
DA:3774,0
DA:3775,0
DA:3776,0
DA:3777,0
DA:3781,0
DA:3785,0
DA:3786,0
DA:3787,0
DA:3791,0
DA:3792,0
DA:3794,0
DA:3797,0
DA:3798,0
DA:3801,0
DA:3802,0
DA:3805,0
DA:3807,0
DA:3810,0
DA:3812,0
DA:3813,0
DA:3814,0
DA:3815,0
DA:3816,0
DA:3820,0
DA:3824,0
DA:3825,0
DA:3826,0
DA:3830,0
DA:3831,0
DA:3833,0
DA:3837,0
DA:3838,0
DA:3841,0
DA:3842,0
DA:3845,0
DA:3846,0
DA:3849,0
DA:3851,0
DA:3852,0
DA:3853,0
DA:3854,0
DA:3855,0
DA:3859,0
DA:3863,0
DA:3864,0
DA:3865,0
DA:3869,0
DA:3870,0
DA:3872,0
DA:3875,0
DA:3876,0
DA:3879,0
DA:3880,0
DA:3883,0
DA:3884,0
DA:3887,0
DA:3889,0
DA:3890,0
DA:3891,0
DA:3892,0
DA:3893,0
DA:3897,0
DA:3901,0
DA:3902,0
DA:3903,0
DA:3907,0
DA:3908,0
DA:3910,0
DA:3913,0
DA:3914,0
DA:3917,0
DA:3918,0
DA:3921,0
DA:3922,0
DA:3925,0
DA:3927,0
DA:3928,0
DA:3929,0
DA:3930,0
DA:3931,0
DA:3935,0
DA:3939,0
DA:3940,0
DA:3941,0
DA:3945,0
DA:3946,0
DA:3948,0
DA:3951,0
DA:3952,0
DA:3955,0
DA:3956,0
DA:3959,0
DA:3960,0
DA:3963,0
DA:3965,0
DA:3966,0
DA:3967,0
DA:3968,0
DA:3969,0
DA:3973,0
DA:3977,0
DA:3978,0
DA:3979,0
DA:3983,0
DA:3984,0
DA:3986,0
DA:3989,0
DA:3990,0
DA:3993,0
DA:3994,0
DA:3997,0
DA:3998,0
DA:4001,0
DA:4003,0
DA:4004,0
DA:4005,0
DA:4006,0
DA:4007,0
DA:4011,0
DA:4015,0
DA:4016,0
DA:4017,0
DA:4021,0
DA:4022,0
DA:4024,0
DA:4027,0
DA:4028,0
DA:4031,0
DA:4032,0
DA:4035,0
DA:4036,0
DA:4039,0
DA:4041,0
DA:4042,0
DA:4043,0
DA:4044,0
DA:4045,0
DA:4049,0
DA:4053,0
DA:4054,0
DA:4055,0
DA:4059,0
DA:4060,0
DA:4062,0
DA:4065,0
DA:4072,0
DA:4073,0
DA:4074,0
DA:4075,0
DA:4076,0
DA:4080,0
DA:4083,0
DA:4091,0
DA:4092,0
DA:4093,0
DA:4095,0
DA:4096,0
DA:4097,0
DA:4098,0
DA:4099,0
DA:4100,0
DA:4101,0
DA:4102,0
DA:4103,0
DA:4104,0
DA:4105,0
DA:4106,0
DA:4107,0
DA:4108,0
DA:4109,0
DA:4110,0
DA:4111,0
DA:4112,0
DA:4116,0
DA:4117,0
DA:4119,0
DA:4126,0
DA:4127,0
DA:4128,0
DA:4129,0
DA:4133,0
DA:4134,0
DA:4135,0
DA:4136,0
DA:4137,0
DA:4138,0
DA:4139,0
DA:4141,0
DA:4142,0
DA:4143,0
DA:4144,0
DA:4145,0
DA:4146,0
DA:4147,0
DA:4148,0
DA:4149,0
DA:4150,0
DA:4151,0
DA:4152,0
DA:4153,0
DA:4154,0
DA:4155,0
DA:4161,0
DA:4165,0
DA:4166,0
DA:4167,0
DA:4171,0
DA:4172,0
DA:4174,0
DA:4175,0
DA:4176,0
DA:4178,0
DA:4180,0
DA:4181,0
DA:4182,0
DA:4184,0
DA:4186,0
DA:4187,0
DA:4188,0
DA:4189,0
DA:4190,0
DA:4191,0
DA:4192,0
DA:4194,0
DA:4196,0
DA:4197,0
DA:4198,0
DA:4200,0
DA:4202,0
DA:4203,0
DA:4204,0
DA:4206,0
DA:4208,0
DA:4209,0
DA:4210,0
DA:4212,0
DA:4214,0
DA:4215,0
DA:4219,0
DA:4220,0
DA:4222,0
DA:4223,0
DA:4224,0
DA:4226,0
DA:4228,0
DA:4229,0
DA:4230,0
DA:4232,0
DA:4234,0
DA:4235,0
DA:4236,0
DA:4237,0
DA:4238,0
DA:4239,0
DA:4240,0
DA:4241,0
DA:4243,0
DA:4246,0
DA:4248,0
DA:4249,0
DA:4250,0
DA:4251,0
DA:4253,0
DA:4256,0
DA:4258,0
DA:4259,0
DA:4260,0
DA:4262,0
DA:4264,0
DA:4265,0
DA:4266,0
DA:4268,0
DA:4270,0
DA:4271,0
DA:4276,0
DA:4277,0
DA:4281,0
DA:4282,0
DA:4286,0
DA:4287,0
DA:4296,0
DA:4303,0
DA:4304,0
DA:4314,0
DA:4316,0
DA:4317,0
DA:4320,0
DA:4321,0
DA:4324,0
DA:4327,0
DA:4329,0
DA:4330,0
DA:4333,0
DA:4335,0
DA:4338,0
DA:4340,0
DA:4343,0
DA:4345,0
DA:4348,0
DA:4349,0
DA:4350,0
DA:4353,0
DA:4355,0
DA:4357,0
DA:4358,0
DA:4359,0
DA:4360,0
DA:4361,0
DA:4362,0
DA:4365,0
DA:4366,0
DA:4367,0
DA:4369,0
DA:4370,0
DA:4372,0
DA:4374,0
DA:4376,0
DA:4377,0
DA:4378,0
DA:4379,0
DA:4380,0
DA:4381,0
DA:4382,0
DA:4383,0
DA:4385,0
DA:4386,0
DA:4388,0
DA:4389,0
DA:4390,0
DA:4415,0
DA:4428,0
DA:4431,0
DA:4433,0
DA:4437,0
DA:4439,0
DA:4441,0
DA:4442,0
DA:4443,0
DA:4447,0
DA:4448,0
DA:4450,0
DA:4451,0
DA:4452,0
DA:4453,0
DA:4459,0
DA:4462,0
DA:4467,0
DA:4468,0
DA:4469,0
DA:4472,0
DA:4473,0
DA:4475,0
DA:4476,0
DA:4478,0
DA:4479,0
DA:4481,0
DA:4482,0
DA:4484,0
DA:4489,0
DA:4490,0
DA:4492,0
DA:4497,0
DA:4506,0
DA:4510,0
DA:4512,0
DA:4513,0
DA:4514,0
DA:4515,0
DA:4516,0
DA:4519,0
DA:4520,0
DA:4522,0
DA:4526,0
DA:4527,0
DA:4528,0
DA:4529,0
DA:4533,0
DA:4534,0
DA:4536,0
DA:4537,0
DA:4539,0
DA:4540,0
DA:4543,0
DA:4544,0
DA:4545,0
DA:4546,0
DA:4547,0
DA:4548,0
DA:4549,0
DA:4550,0
DA:4551,0
DA:4556,0
DA:4558,0
DA:4559,0
DA:4562,0
DA:4564,0
DA:4567,0
DA:4568,0
DA:4569,0
DA:4570,0
DA:4571,0
DA:4572,0
DA:4573,0
DA:4574,0
DA:4575,0
DA:4580,0
DA:4588,0
DA:4589,0
DA:4590,0
DA:4592,0
DA:4595,0
DA:4597,0
DA:4601,0
DA:4602,0
DA:4603,0
DA:4604,0
DA:4605,0
DA:4606,0
DA:4607,0
DA:4608,0
DA:4609,0
DA:4614,0
DA:4617,0
DA:4618,0
DA:4619,0
DA:4622,0
DA:4623,0
DA:4624,0
DA:4625,0
DA:4626,0
DA:4627,0
DA:4628,0
DA:4629,0
DA:4630,0
DA:4635,0
DA:4642,0
DA:4643,0
DA:4644,0
DA:4647,0
DA:4649,0
DA:4653,0
DA:4656,0
DA:4660,0
DA:4661,0
DA:4662,0
DA:4663,0
DA:4664,0
DA:4665,0
DA:4666,0
DA:4667,0
DA:4668,0
DA:4673,0
DA:4676,0
DA:4680,0
DA:4687,0
DA:4688,0
DA:4690,0
DA:4691,0
DA:4694,0
DA:4696,0
DA:4697,0
DA:4698,0
DA:4700,0
DA:4701,0
DA:4704,0
DA:4705,0
DA:4708,0
DA:4709,0
DA:4713,0
DA:4715,0
DA:4719,0
DA:4720,0
DA:4721,0
DA:4722,0
DA:4723,0
DA:4724,0
DA:4725,0
DA:4726,0
DA:4727,0
DA:4732,0
DA:4734,0
DA:4738,0
DA:4749,0
DA:4750,0
DA:4753,0
DA:4756,0
DA:4757,0
DA:4758,0
DA:4759,0
DA:4760,0
DA:4761,0
DA:4762,0
DA:4763,0
DA:4764,0
DA:4769,0
DA:4774,0
DA:4775,0
DA:4778,0
DA:4779,0
DA:4780,0
DA:4781,0
DA:4782,0
DA:4783,0
DA:4784,0
DA:4785,0
DA:4786,0
DA:4791,0
DA:4794,0
DA:4796,0
DA:4799,0
DA:4802,0
DA:4804,0
DA:4806,0
DA:4811,0
DA:4812,0
DA:4815,0
DA:4817,0
DA:4818,0
DA:4819,0
DA:4821,0
DA:4826,0
DA:4827,0
DA:4828,0
DA:4829,0
DA:4831,0
DA:4835,0
DA:4838,0
DA:4851,0
DA:4852,0
DA:4853,0
DA:4855,0
DA:4856,0
DA:4859,0
DA:4861,0
DA:4865,0
DA:4866,0
DA:4867,0
DA:4868,0
DA:4870,0
DA:4871,0
DA:4873,0
DA:4874,0
DA:4875,0
DA:4876,0
DA:4879,0
DA:4880,0
DA:4881,0
DA:4882,0
DA:4883,0
DA:4884,0
DA:4885,0
DA:4886,0
DA:4887,0
DA:4892,0
DA:4898,0
DA:4899,0
DA:4902,0
DA:4903,0
DA:4907,0
DA:4909,0
DA:4913,0
DA:4914,0
DA:4915,0
DA:4916,0
DA:4917,0
DA:4918,0
DA:4919,0
DA:4920,0
DA:4921,0
DA:4926,0
DA:4928,0
DA:4932,0
DA:4943,0
DA:4944,0
DA:4945,0
DA:4947,0
DA:4950,0
DA:4951,0
DA:4953,0
DA:4954,0
DA:4957,0
DA:4958,0
DA:4959,0
DA:4960,0
DA:4961,0
DA:4962,0
DA:4963,0
DA:4964,0
DA:4965,0
DA:4970,0
DA:4972,0
DA:4975,0
DA:4977,0
DA:4979,0
DA:4980,0
DA:4982,0
DA:4984,0
DA:4985,0
DA:4986,0
DA:4989,0
DA:4990,0
DA:4991,0
DA:4992,0
DA:4993,0
DA:4994,0
DA:4995,0
DA:4996,0
DA:4997,0
DA:5002,0
DA:5011,0
DA:5012,0
DA:5013,0
DA:5015,0
DA:5018,0
DA:5019,0
DA:5021,0
DA:5022,0
DA:5025,0
DA:5026,0
DA:5027,0
DA:5028,0
DA:5029,0
DA:5030,0
DA:5031,0
DA:5032,0
DA:5033,0
DA:5038,0
DA:5040,0
DA:5043,0
DA:5045,0
DA:5047,0
DA:5048,0
DA:5050,0
DA:5052,0
DA:5053,0
DA:5054,0
DA:5057,0
DA:5058,0
DA:5059,0
DA:5060,0
DA:5061,0
DA:5062,0
DA:5063,0
DA:5064,0
DA:5065,0
DA:5070,0
DA:5079,0
DA:5080,0
DA:5082,0
DA:5083,0
DA:5086,0
DA:5088,0
DA:5090,0
DA:5092,0
DA:5093,0
DA:5097,0
DA:5100,0
DA:5101,0
DA:5102,0
DA:5103,0
DA:5104,0
DA:5105,0
DA:5106,0
DA:5107,0
DA:5108,0
DA:5113,0
DA:5140,0
DA:5157,0
DA:5158,0
DA:5165,0
DA:5167,0
DA:5168,0
DA:5169,0
DA:5173,0
DA:5175,0
DA:5176,0
DA:5177,0
DA:5178,0
DA:5179,0
DA:5180,0
DA:5181,0
DA:5182,0
DA:5183,0
DA:5184,0
DA:5189,0
DA:5190,0
DA:5191,0
DA:5192,0
DA:5194,0
DA:5195,0
DA:5198,0
DA:5201,0
DA:5202,0
DA:5203,0
DA:5205,0
DA:5206,0
DA:5208,0
DA:5209,0
DA:5210,0
DA:5211,0
DA:5212,0
DA:5213,0
DA:5218,0
DA:5222,0
DA:5224,0
DA:5226,0
DA:5227,0
DA:5230,0
DA:5231,0
DA:5232,0
DA:5233,0
DA:5236,0
DA:5240,0
DA:5241,0
DA:5243,0
DA:5244,0
DA:5245,0
DA:5248,0
DA:5249,0
DA:5251,0
DA:5252,0
DA:5255,0
DA:5256,0
DA:5259,0
DA:5261,0
DA:5262,0
DA:5264,0
DA:5267,0
DA:5269,0
DA:5273,0
DA:5274,0
DA:5276,0
DA:5277,0
DA:5281,0
DA:5282,0
DA:5295,0
DA:5296,0
DA:5297,0
DA:5298,0
DA:5301,0
DA:5303,0
DA:5304,0
DA:5305,0
DA:5314,0
DA:5316,0
DA:5317,0
DA:5318,0
DA:5320,0
DA:5321,0
DA:5322,0
DA:5323,0
DA:5326,0
DA:5327,0
DA:5333,0
DA:5334,0
DA:5349,0
DA:5351,0
DA:5354,0
DA:5355,0
DA:5356,0
DA:5357,0
DA:5358,0
DA:5359,0
DA:5361,0
DA:5363,0
DA:5364,0
DA:5368,0
DA:5369,0
DA:5370,0
DA:5373,0
DA:5374,0
DA:5378,0
DA:5380,0
DA:5381,0
DA:5382,0
DA:5383,0
DA:5385,0
DA:5388,0
DA:5390,0
DA:5399,0
DA:5408,0
DA:5416,0
DA:5418,0
DA:5419,0
DA:5420,0
DA:5421,0
DA:5422,0
DA:5423,0
DA:5424,0
DA:5425,0
DA:5437,0
DA:5443,0
DA:5446,0
DA:5447,0
DA:5448,0
DA:5449,0
DA:5450,0
DA:5452,0
DA:5454,0
DA:5459,0
DA:5461,0
DA:5462,0
DA:5463,0
DA:5464,0
DA:5465,0
DA:5466,0
DA:5467,0
DA:5470,0
DA:5471,0
DA:5472,0
DA:5473,0
DA:5475,0
DA:5479,0
DA:5482,0
DA:5484,0
DA:5485,0
DA:5486,0
DA:5495,0
DA:5498,0
DA:5499,0
DA:5502,0
DA:5503,0
DA:5504,0
DA:5506,0
DA:5507,0
DA:5508,0
DA:5509,0
DA:5512,0
DA:5513,0
DA:5514,0
DA:5515,0
DA:5518,0
DA:5519,0
DA:5521,0
DA:5522,0
DA:5523,0
DA:5524,0
DA:5527,0
DA:5528,0
DA:5529,0
DA:5530,0
DA:5531,0
DA:5534,0
DA:5535,0
DA:5536,0
DA:5537,0
DA:5538,0
DA:5541,0
DA:5542,0
DA:5543,0
DA:5544,0
DA:5547,0
DA:5548,0
DA:5549,0
DA:5550,0
DA:5553,0
DA:5554,0
DA:5556,0
DA:5557,0
DA:5559,0
DA:5563,0
DA:5564,0
DA:5565,0
DA:5566,0
LF:2811
LH:38
end_of_record
